<?xml version="1.0" encoding="UTF-8"?>
<testsuite name="scoring.VitrivrScoringAlgorithmTest" tests="8" skipped="0" failures="0" errors="0" timestamp="2021-05-31T13:49:39" hostname="Viktors-MacBook-Air.local" time="0.046">
  <properties/>
  <testcase name="parallelStageScoreTest$tempAlgEval" classname="scoring.VitrivrScoringAlgorithmTest" time="0.025"/>
  <testcase name="sanityScoreTest$tempAlgEval" classname="scoring.VitrivrScoringAlgorithmTest" time="0.0"/>
  <testcase name="doubleItemScoreTest$tempAlgEval" classname="scoring.VitrivrScoringAlgorithmTest" time="0.003"/>
  <testcase name="complexScoreTest3$tempAlgEval" classname="scoring.VitrivrScoringAlgorithmTest" time="0.009"/>
  <testcase name="complexScoreTest2$tempAlgEval" classname="scoring.VitrivrScoringAlgorithmTest" time="0.003"/>
  <testcase name="complexScoreTest$tempAlgEval" classname="scoring.VitrivrScoringAlgorithmTest" time="0.002"/>
  <testcase name="simpleScoreTest$tempAlgEval" classname="scoring.VitrivrScoringAlgorithmTest" time="0.0"/>
  <testcase name="tripleItemScoreTest$tempAlgEval" classname="scoring.VitrivrScoringAlgorithmTest" time="0.0"/>
  <system-out><![CDATA[]]></system-out>
  <system-err><![CDATA[[Test worker] INFO scoring.VitrivrScoringAlgorithmTest - OrderedResults(algorithmId=VITRIVR, results={Result(V3C1ObjectId=v_00002, startAbs=0.0, endAbs=5.0)=0.5, Result(V3C1ObjectId=v_00001, startAbs=0.0, endAbs=5.0)=1.0}, scoringTime=18591356, scoringMemory=0)
[Test worker] INFO scoring.VitrivrScoringAlgorithmTest - OrderedResults(algorithmId=VITRIVR, results={Result(V3C1ObjectId=v_00001, startAbs=0.0, endAbs=24.0)=1.0, Result(V3C1ObjectId=v_00002, startAbs=0.0, endAbs=10.0)=0.25, Result(V3C1ObjectId=v_00002, startAbs=21.0, endAbs=25.0)=0.16666667}, scoringTime=915918, scoringMemory=0)
]]></system-err>
</testsuite>
