<?xml version="1.0" encoding="UTF-8"?>
<testsuite name="scoring.InverseDecayScoringAlgorithmTest" tests="6" skipped="0" failures="0" errors="0" timestamp="2021-05-31T13:49:39" hostname="Viktors-MacBook-Air.local" time="0.032">
  <properties/>
  <testcase name="sanityScoreTest$tempAlgEval" classname="scoring.InverseDecayScoringAlgorithmTest" time="0.005"/>
  <testcase name="extendedScoreTest$tempAlgEval" classname="scoring.InverseDecayScoringAlgorithmTest" time="0.009"/>
  <testcase name="complexScoreTest3$tempAlgEval" classname="scoring.InverseDecayScoringAlgorithmTest" time="0.006"/>
  <testcase name="complexScoreTest2$tempAlgEval" classname="scoring.InverseDecayScoringAlgorithmTest" time="0.001"/>
  <testcase name="complexScoreTest$tempAlgEval" classname="scoring.InverseDecayScoringAlgorithmTest" time="0.002"/>
  <testcase name="simpleScoreTest$tempAlgEval" classname="scoring.InverseDecayScoringAlgorithmTest" time="0.002"/>
  <system-out><![CDATA[]]></system-out>
  <system-err><![CDATA[[Test worker] INFO scoring.InverseDecayScoringAlgorithmTest - OrderedResults(algorithmId=IDA, results={Result(V3C1ObjectId=v_00001, startAbs=0.0, endAbs=15.0)=0.65163267, Result(V3C1ObjectId=v_00001, startAbs=10.0, endAbs=15.0)=0.25, Result(V3C1ObjectId=v_00002, startAbs=0.0, endAbs=10.0)=0.30082121, Result(V3C1ObjectId=v_00002, startAbs=6.0, endAbs=10.0)=0.125}, scoringTime=8171507, scoringMemory=0)
[Test worker] INFO scoring.InverseDecayScoringAlgorithmTest - [(Result(V3C1ObjectId=v_00003, startAbs=130.0, endAbs=140.0), 0.033333335), (Result(V3C1ObjectId=v_00002, startAbs=28.0, endAbs=30.0), 0.16666667), (Result(V3C1ObjectId=v_00003, startAbs=120.0, endAbs=140.0), 0.180219), (Result(V3C1ObjectId=v_00001, startAbs=10.0, endAbs=24.0), 0.3021899), (Result(V3C1ObjectId=v_00001, startAbs=15.0, endAbs=24.0), 0.33333334), (Result(V3C1ObjectId=v_00001, startAbs=130.0, endAbs=140.0), 0.33333334), (Result(V3C1ObjectId=v_00003, startAbs=100.0, endAbs=140.0), 0.33640483), (Result(V3C1ObjectId=v_00003, startAbs=115.0, endAbs=140.0), 0.3634946), (Result(V3C1ObjectId=v_00002, startAbs=16.0, endAbs=30.0), 0.46978846), (Result(V3C1ObjectId=v_00001, startAbs=0.0, endAbs=24.0), 0.5516208), (Result(V3C1ObjectId=v_00002, startAbs=0.0, endAbs=30.0), 0.60473424), (Result(V3C1ObjectId=v_00001, startAbs=110.0, endAbs=140.0), 0.6349458), (Result(V3C1ObjectId=v_00001, startAbs=100.0, endAbs=140.0), 0.8004742)]
[Test worker] INFO scoring.InverseDecayScoringAlgorithmTest - OrderedResults(algorithmId=IDA, results={Result(V3C1ObjectId=v_00001, startAbs=4.0, endAbs=24.0)=0.65813667, Result(V3C1ObjectId=v_00001, startAbs=100.0, endAbs=140.0)=1.5785862, Result(V3C1ObjectId=v_00001, startAbs=10.0, endAbs=24.0)=0.4559598, Result(V3C1ObjectId=v_00001, startAbs=110.0, endAbs=140.0)=1.3333334, Result(V3C1ObjectId=v_00001, startAbs=15.0, endAbs=24.0)=0.33333334, Result(V3C1ObjectId=v_00001, startAbs=130.0, endAbs=140.0)=0.6666667, Result(V3C1ObjectId=v_00002, startAbs=0.0, endAbs=30.0)=1.2223104, Result(V3C1ObjectId=v_00002, startAbs=16.0, endAbs=30.0)=1.1508063, Result(V3C1ObjectId=v_00002, startAbs=28.0, endAbs=30.0)=0.16666667}, scoringTime=362070, scoringMemory=0)
[Test worker] INFO scoring.InverseDecayScoringAlgorithmTest - OrderedResults(algorithmId=IDA, results={Result(V3C1ObjectId=v_00001, startAbs=0.0, endAbs=24.0)=0.65813667, Result(V3C1ObjectId=v_00001, startAbs=10.0, endAbs=24.0)=0.4559598, Result(V3C1ObjectId=v_00001, startAbs=15.0, endAbs=24.0)=0.33333334, Result(V3C1ObjectId=v_00002, startAbs=0.0, endAbs=25.0)=0.35135373, Result(V3C1ObjectId=v_00002, startAbs=6.0, endAbs=25.0)=0.23413956, Result(V3C1ObjectId=v_00002, startAbs=21.0, endAbs=25.0)=0.16666667}, scoringTime=272228, scoringMemory=0)
[Test worker] INFO scoring.InverseDecayScoringAlgorithmTest - OrderedResults(algorithmId=IDA, results={Result(V3C1ObjectId=v_00001, startAbs=0.0, endAbs=5.0)=1.0, Result(V3C1ObjectId=v_00002, startAbs=0.0, endAbs=5.0)=0.5}, scoringTime=1594243, scoringMemory=0)
]]></system-err>
</testsuite>
