<?xml version="1.0" encoding="UTF-8"?>
<testsuite name="scoring.LogNormalScoringAlgorithmTest" tests="6" skipped="0" failures="0" errors="0" timestamp="2021-05-31T13:49:39" hostname="Viktors-MacBook-Air.local" time="0.04">
  <properties/>
  <testcase name="sanityScoreTest$tempAlgEval" classname="scoring.LogNormalScoringAlgorithmTest" time="0.006"/>
  <testcase name="extendedScoreTest$tempAlgEval" classname="scoring.LogNormalScoringAlgorithmTest" time="0.008"/>
  <testcase name="complexScoreTest3$tempAlgEval" classname="scoring.LogNormalScoringAlgorithmTest" time="0.014"/>
  <testcase name="complexScoreTest2$tempAlgEval" classname="scoring.LogNormalScoringAlgorithmTest" time="0.003"/>
  <testcase name="complexScoreTest$tempAlgEval" classname="scoring.LogNormalScoringAlgorithmTest" time="0.001"/>
  <testcase name="simpleScoreTest$tempAlgEval" classname="scoring.LogNormalScoringAlgorithmTest" time="0.001"/>
  <system-out><![CDATA[]]></system-out>
  <system-err><![CDATA[[Test worker] INFO scoring.LogNormalScoringAlgorithmTest - OrderedResults(algorithmId=LNA, results={Result(V3C1ObjectId=v_00001, startAbs=0.0, endAbs=15.0)=0.756096, Result(V3C1ObjectId=v_00001, startAbs=10.0, endAbs=15.0)=0.25, Result(V3C1ObjectId=v_00002, startAbs=0.0, endAbs=10.0)=0.25211197, Result(V3C1ObjectId=v_00002, startAbs=6.0, endAbs=10.0)=0.125}, scoringTime=6271358, scoringMemory=0)
[Test worker] INFO scoring.LogNormalScoringAlgorithmTest - [(Result(V3C1ObjectId=v_00003, startAbs=130.0, endAbs=140.0), 0.033333335), (Result(V3C1ObjectId=v_00003, startAbs=100.0, endAbs=120.0), 0.074385256), (Result(V3C1ObjectId=v_00002, startAbs=28.0, endAbs=30.0), 0.16666667), (Result(V3C1ObjectId=v_00003, startAbs=120.0, endAbs=140.0), 0.1666833), (Result(V3C1ObjectId=v_00001, startAbs=10.0, endAbs=24.0), 0.16683297), (Result(V3C1ObjectId=v_00002, startAbs=0.0, endAbs=17.0), 0.2999456), (Result(V3C1ObjectId=v_00003, startAbs=115.0, endAbs=120.0), 0.33333334), (Result(V3C1ObjectId=v_00001, startAbs=110.0, endAbs=120.0), 0.33333334), (Result(V3C1ObjectId=v_00001, startAbs=15.0, endAbs=24.0), 0.33333334), (Result(V3C1ObjectId=v_00001, startAbs=130.0, endAbs=140.0), 0.33333334), (Result(V3C1ObjectId=v_00002, startAbs=16.0, endAbs=17.0), 0.33333334), (Result(V3C1ObjectId=v_00001, startAbs=0.0, endAbs=24.0), 0.33378577), (Result(V3C1ObjectId=v_00001, startAbs=100.0, endAbs=120.0), 0.33390558)]
[Test worker] INFO scoring.LogNormalScoringAlgorithmTest - OrderedResults(algorithmId=LNA, results={Result(V3C1ObjectId=v_00001, startAbs=4.0, endAbs=24.0)=0.33587018, Result(V3C1ObjectId=v_00001, startAbs=100.0, endAbs=140.0)=1.3497797, Result(V3C1ObjectId=v_00001, startAbs=10.0, endAbs=24.0)=0.3334286, Result(V3C1ObjectId=v_00001, startAbs=110.0, endAbs=140.0)=1.3495893, Result(V3C1ObjectId=v_00001, startAbs=15.0, endAbs=24.0)=0.33333334, Result(V3C1ObjectId=v_00001, startAbs=130.0, endAbs=140.0)=0.6666667, Result(V3C1ObjectId=v_00002, startAbs=0.0, endAbs=5.0)=0.16666667, Result(V3C1ObjectId=v_00002, startAbs=16.0, endAbs=17.0)=1.0, Result(V3C1ObjectId=v_00002, startAbs=28.0, endAbs=30.0)=0.16666667}, scoringTime=1342387, scoringMemory=0)
[Test worker] INFO scoring.LogNormalScoringAlgorithmTest - OrderedResults(algorithmId=LNA, results={Result(V3C1ObjectId=v_00001, startAbs=0.0, endAbs=24.0)=0.33587018, Result(V3C1ObjectId=v_00001, startAbs=10.0, endAbs=24.0)=0.3334286, Result(V3C1ObjectId=v_00001, startAbs=15.0, endAbs=24.0)=0.33333334, Result(V3C1ObjectId=v_00002, startAbs=0.0, endAbs=10.0)=0.16670823, Result(V3C1ObjectId=v_00002, startAbs=6.0, endAbs=10.0)=0.083333336, Result(V3C1ObjectId=v_00002, startAbs=21.0, endAbs=25.0)=0.16666667}, scoringTime=381708, scoringMemory=0)
[Test worker] INFO scoring.LogNormalScoringAlgorithmTest - OrderedResults(algorithmId=LNA, results={Result(V3C1ObjectId=v_00001, startAbs=0.0, endAbs=5.0)=1.0, Result(V3C1ObjectId=v_00002, startAbs=0.0, endAbs=5.0)=0.5}, scoringTime=389080, scoringMemory=0)
]]></system-err>
</testsuite>
