<?xml version="1.0" encoding="UTF-8"?>
<testsuite name="scoring.NormalScoringAlgorithmTest" tests="6" skipped="0" failures="0" errors="0" timestamp="2021-05-31T13:49:39" hostname="Viktors-MacBook-Air.local" time="0.07">
  <properties/>
  <testcase name="sanityScoreTest$tempAlgEval" classname="scoring.NormalScoringAlgorithmTest" time="0.024"/>
  <testcase name="extendedScoreTest$tempAlgEval" classname="scoring.NormalScoringAlgorithmTest" time="0.029"/>
  <testcase name="complexScoreTest3$tempAlgEval" classname="scoring.NormalScoringAlgorithmTest" time="0.01"/>
  <testcase name="complexScoreTest2$tempAlgEval" classname="scoring.NormalScoringAlgorithmTest" time="0.002"/>
  <testcase name="complexScoreTest$tempAlgEval" classname="scoring.NormalScoringAlgorithmTest" time="0.002"/>
  <testcase name="simpleScoreTest$tempAlgEval" classname="scoring.NormalScoringAlgorithmTest" time="0.0"/>
  <system-out><![CDATA[]]></system-out>
  <system-err><![CDATA[[Test worker] INFO scoring.NormalScoringAlgorithmTest - OrderedResults(algorithmId=NA, results={Result(V3C1ObjectId=v_00001, startAbs=0.0, endAbs=15.0)=0.7493389, Result(V3C1ObjectId=v_00001, startAbs=10.0, endAbs=15.0)=0.25, Result(V3C1ObjectId=v_00002, startAbs=0.0, endAbs=10.0)=0.26687217, Result(V3C1ObjectId=v_00002, startAbs=6.0, endAbs=10.0)=0.125}, scoringTime=15699090, scoringMemory=0)
[Test worker] INFO scoring.NormalScoringAlgorithmTest - [(Result(V3C1ObjectId=v_00003, startAbs=130.0, endAbs=140.0), 0.033333335), (Result(V3C1ObjectId=v_00003, startAbs=100.0, endAbs=140.0), 0.081185445), (Result(V3C1ObjectId=v_00002, startAbs=28.0, endAbs=30.0), 0.16666667), (Result(V3C1ObjectId=v_00003, startAbs=120.0, endAbs=140.0), 0.16666679), (Result(V3C1ObjectId=v_00001, startAbs=10.0, endAbs=24.0), 0.1666679), (Result(V3C1ObjectId=v_00002, startAbs=0.0, endAbs=30.0), 0.31705377), (Result(V3C1ObjectId=v_00001, startAbs=15.0, endAbs=24.0), 0.33333334), (Result(V3C1ObjectId=v_00001, startAbs=130.0, endAbs=140.0), 0.33333334), (Result(V3C1ObjectId=v_00003, startAbs=115.0, endAbs=140.0), 0.36657855), (Result(V3C1ObjectId=v_00002, startAbs=16.0, endAbs=30.0), 0.4800272), (Result(V3C1ObjectId=v_00001, startAbs=0.0, endAbs=24.0), 0.4995605), (Result(V3C1ObjectId=v_00001, startAbs=110.0, endAbs=140.0), 0.66578525), (Result(V3C1ObjectId=v_00001, startAbs=100.0, endAbs=140.0), 0.99823713)]
[Test worker] INFO scoring.NormalScoringAlgorithmTest - OrderedResults(algorithmId=NA, results={Result(V3C1ObjectId=v_00001, startAbs=4.0, endAbs=24.0)=0.3479415, Result(V3C1ObjectId=v_00001, startAbs=100.0, endAbs=140.0)=1.3315729, Result(V3C1ObjectId=v_00001, startAbs=10.0, endAbs=24.0)=0.33333457, Result(V3C1ObjectId=v_00001, startAbs=110.0, endAbs=140.0)=1.3315705, Result(V3C1ObjectId=v_00001, startAbs=15.0, endAbs=24.0)=0.33333334, Result(V3C1ObjectId=v_00001, startAbs=130.0, endAbs=140.0)=0.6666667, Result(V3C1ObjectId=v_00002, startAbs=0.0, endAbs=30.0)=1.1935238, Result(V3C1ObjectId=v_00002, startAbs=16.0, endAbs=30.0)=1.1466938, Result(V3C1ObjectId=v_00002, startAbs=28.0, endAbs=30.0)=0.16666667}, scoringTime=348618, scoringMemory=0)
[Test worker] INFO scoring.NormalScoringAlgorithmTest - OrderedResults(algorithmId=NA, results={Result(V3C1ObjectId=v_00001, startAbs=0.0, endAbs=24.0)=0.3479415, Result(V3C1ObjectId=v_00001, startAbs=10.0, endAbs=24.0)=0.33333457, Result(V3C1ObjectId=v_00001, startAbs=15.0, endAbs=24.0)=0.33333334, Result(V3C1ObjectId=v_00002, startAbs=0.0, endAbs=25.0)=0.31336388, Result(V3C1ObjectId=v_00002, startAbs=6.0, endAbs=25.0)=0.23002721, Result(V3C1ObjectId=v_00002, startAbs=21.0, endAbs=25.0)=0.16666667}, scoringTime=585029, scoringMemory=0)
[Test worker] INFO scoring.NormalScoringAlgorithmTest - OrderedResults(algorithmId=NA, results={Result(V3C1ObjectId=v_00001, startAbs=0.0, endAbs=5.0)=1.0, Result(V3C1ObjectId=v_00002, startAbs=0.0, endAbs=5.0)=0.5}, scoringTime=107493, scoringMemory=0)
]]></system-err>
</testsuite>
